<?xml version="1.0" encoding="UTF-8"?>
<testsuite xmlns:xsi="http://www.w3.org/2001/XMLSchema-instance" xsi:noNamespaceSchemaLocation="https://maven.apache.org/surefire/maven-surefire-plugin/xsd/surefire-test-report-3.0.xsd" version="3.0" name="allaboutecm.model.MusicalInstrumentUnitTest" time="0.016" tests="8" errors="0" skipped="0" failures="0">
  <properties>
    <property name="sun.desktop" value="windows"/>
    <property name="awt.toolkit" value="sun.awt.windows.WToolkit"/>
    <property name="java.specification.version" value="11"/>
    <property name="sun.cpu.isalist" value="amd64"/>
    <property name="sun.jnu.encoding" value="Cp1252"/>
    <property name="java.class.path" value="C:\Users\Rohan Nischal\Documents\FIT5171\FIT5171\assignment1\target\test-classes;C:\Users\Rohan Nischal\Documents\FIT5171\FIT5171\assignment1\target\classes;C:\Users\Rohan Nischal\.m2\repository\org\junit\jupiter\junit-jupiter-engine\5.6.0\junit-jupiter-engine-5.6.0.jar;C:\Users\Rohan Nischal\.m2\repository\org\apiguardian\apiguardian-api\1.1.0\apiguardian-api-1.1.0.jar;C:\Users\Rohan Nischal\.m2\repository\org\junit\platform\junit-platform-engine\1.6.0\junit-platform-engine-1.6.0.jar;C:\Users\Rohan Nischal\.m2\repository\org\opentest4j\opentest4j\1.2.0\opentest4j-1.2.0.jar;C:\Users\Rohan Nischal\.m2\repository\org\junit\platform\junit-platform-commons\1.6.0\junit-platform-commons-1.6.0.jar;C:\Users\Rohan Nischal\.m2\repository\org\junit\jupiter\junit-jupiter-api\5.6.0\junit-jupiter-api-5.6.0.jar;C:\Users\Rohan Nischal\.m2\repository\org\junit\jupiter\junit-jupiter-params\5.6.0\junit-jupiter-params-5.6.0.jar;C:\Users\Rohan Nischal\.m2\repository\com\google\guava\guava\28.2-jre\guava-28.2-jre.jar;C:\Users\Rohan Nischal\.m2\repository\com\google\guava\failureaccess\1.0.1\failureaccess-1.0.1.jar;C:\Users\Rohan Nischal\.m2\repository\com\google\guava\listenablefuture\9999.0-empty-to-avoid-conflict-with-guava\listenablefuture-9999.0-empty-to-avoid-conflict-with-guava.jar;C:\Users\Rohan Nischal\.m2\repository\com\google\code\findbugs\jsr305\3.0.2\jsr305-3.0.2.jar;C:\Users\Rohan Nischal\.m2\repository\org\checkerframework\checker-qual\2.10.0\checker-qual-2.10.0.jar;C:\Users\Rohan Nischal\.m2\repository\com\google\errorprone\error_prone_annotations\2.3.4\error_prone_annotations-2.3.4.jar;C:\Users\Rohan Nischal\.m2\repository\com\google\j2objc\j2objc-annotations\1.3\j2objc-annotations-1.3.jar;C:\Users\Rohan Nischal\.m2\repository\org\apache\commons\commons-lang3\3.10\commons-lang3-3.10.jar;C:\Users\Rohan Nischal\.m2\repository\org\apache\commons\commons-csv\1.8\commons-csv-1.8.jar;"/>
    <property name="java.vm.vendor" value="JetBrains s.r.o"/>
    <property name="sun.arch.data.model" value="64"/>
    <property name="user.variant" value=""/>
    <property name="java.vendor.url" value="https://www.jetbrains.com/"/>
    <property name="user.timezone" value="Australia/Sydney"/>
    <property name="java.vm.specification.version" value="11"/>
    <property name="os.name" value="Windows 10"/>
    <property name="sun.java.launcher" value="SUN_STANDARD"/>
    <property name="user.country" value="IN"/>
    <property name="sun.boot.library.path" value="D:\Program Files\JetBrains\IntelliJ IDEA 2019.3.4\jbr\bin"/>
    <property name="sun.java.command" value="C:\Users\Rohan Nischal\AppData\Local\Temp\surefire3221915801355388748\surefirebooter10453204529752655858.jar C:\Users\Rohan Nischal\AppData\Local\Temp\surefire3221915801355388748 2020-04-14T12-34-15_475-jvmRun1 surefire16416622478185565387tmp surefire_08240145745945813582tmp"/>
    <property name="jdk.debug" value="release"/>
    <property name="surefire.test.class.path" value="C:\Users\Rohan Nischal\Documents\FIT5171\FIT5171\assignment1\target\test-classes;C:\Users\Rohan Nischal\Documents\FIT5171\FIT5171\assignment1\target\classes;C:\Users\Rohan Nischal\.m2\repository\org\junit\jupiter\junit-jupiter-engine\5.6.0\junit-jupiter-engine-5.6.0.jar;C:\Users\Rohan Nischal\.m2\repository\org\apiguardian\apiguardian-api\1.1.0\apiguardian-api-1.1.0.jar;C:\Users\Rohan Nischal\.m2\repository\org\junit\platform\junit-platform-engine\1.6.0\junit-platform-engine-1.6.0.jar;C:\Users\Rohan Nischal\.m2\repository\org\opentest4j\opentest4j\1.2.0\opentest4j-1.2.0.jar;C:\Users\Rohan Nischal\.m2\repository\org\junit\platform\junit-platform-commons\1.6.0\junit-platform-commons-1.6.0.jar;C:\Users\Rohan Nischal\.m2\repository\org\junit\jupiter\junit-jupiter-api\5.6.0\junit-jupiter-api-5.6.0.jar;C:\Users\Rohan Nischal\.m2\repository\org\junit\jupiter\junit-jupiter-params\5.6.0\junit-jupiter-params-5.6.0.jar;C:\Users\Rohan Nischal\.m2\repository\com\google\guava\guava\28.2-jre\guava-28.2-jre.jar;C:\Users\Rohan Nischal\.m2\repository\com\google\guava\failureaccess\1.0.1\failureaccess-1.0.1.jar;C:\Users\Rohan Nischal\.m2\repository\com\google\guava\listenablefuture\9999.0-empty-to-avoid-conflict-with-guava\listenablefuture-9999.0-empty-to-avoid-conflict-with-guava.jar;C:\Users\Rohan Nischal\.m2\repository\com\google\code\findbugs\jsr305\3.0.2\jsr305-3.0.2.jar;C:\Users\Rohan Nischal\.m2\repository\org\checkerframework\checker-qual\2.10.0\checker-qual-2.10.0.jar;C:\Users\Rohan Nischal\.m2\repository\com\google\errorprone\error_prone_annotations\2.3.4\error_prone_annotations-2.3.4.jar;C:\Users\Rohan Nischal\.m2\repository\com\google\j2objc\j2objc-annotations\1.3\j2objc-annotations-1.3.jar;C:\Users\Rohan Nischal\.m2\repository\org\apache\commons\commons-lang3\3.10\commons-lang3-3.10.jar;C:\Users\Rohan Nischal\.m2\repository\org\apache\commons\commons-csv\1.8\commons-csv-1.8.jar;"/>
    <property name="sun.cpu.endian" value="little"/>
    <property name="user.home" value="C:\Users\Rohan Nischal"/>
    <property name="user.language" value="en"/>
    <property name="java.specification.vendor" value="Oracle Corporation"/>
    <property name="java.version.date" value="2020-01-14"/>
    <property name="java.home" value="D:\Program Files\JetBrains\IntelliJ IDEA 2019.3.4\jbr"/>
    <property name="file.separator" value="\"/>
    <property name="basedir" value="C:\Users\Rohan Nischal\Documents\FIT5171\FIT5171\assignment1"/>
    <property name="java.vm.compressedOopsMode" value="32-bit"/>
    <property name="line.separator" value="&#10;"/>
    <property name="java.specification.name" value="Java Platform API Specification"/>
    <property name="java.vm.specification.vendor" value="Oracle Corporation"/>
    <property name="java.awt.graphicsenv" value="sun.awt.Win32GraphicsEnvironment"/>
    <property name="surefire.real.class.path" value="C:\Users\Rohan Nischal\AppData\Local\Temp\surefire3221915801355388748\surefirebooter10453204529752655858.jar"/>
    <property name="user.script" value=""/>
    <property name="sun.management.compiler" value="HotSpot 64-Bit Tiered Compilers"/>
    <property name="java.runtime.version" value="11.0.6+8-b520.43"/>
    <property name="user.name" value="Rohan Nischal"/>
    <property name="path.separator" value=";"/>
    <property name="os.version" value="10.0"/>
    <property name="java.runtime.name" value="OpenJDK Runtime Environment"/>
    <property name="file.encoding" value="Cp1252"/>
    <property name="java.vm.name" value="OpenJDK 64-Bit Server VM"/>
    <property name="localRepository" value="C:\Users\Rohan Nischal\.m2\repository"/>
    <property name="java.vendor.url.bug" value="https://youtrack.jetbrains.com"/>
    <property name="java.io.tmpdir" value="C:\Users\ROHANN~1\AppData\Local\Temp\"/>
    <property name="java.version" value="11.0.6"/>
    <property name="user.dir" value="C:\Users\Rohan Nischal\Documents\FIT5171\FIT5171\assignment1"/>
    <property name="os.arch" value="amd64"/>
    <property name="java.vm.specification.name" value="Java Virtual Machine Specification"/>
    <property name="java.awt.printerjob" value="sun.awt.windows.WPrinterJob"/>
    <property name="sun.os.patch.level" value=""/>
    <property name="idea.version2019.3.4" value="true"/>
    <property name="java.library.path" value="D:\Program Files\JetBrains\IntelliJ IDEA 2019.3.4\jbr\bin;C:\WINDOWS\Sun\Java\bin;C:\WINDOWS\system32;C:\WINDOWS;C:\Program Files (x86)\Common Files\Oracle\Java\javapath;C:\Program Files (x86)\Intel\Intel(R) Management Engine Components\iCLS\;C:\Program Files\Intel\Intel(R) Management Engine Components\iCLS\;C:\windows\system32;C:\windows;C:\windows\System32\Wbem;C:\windows\System32\WindowsPowerShell\v1.0\;C:\windows\System32\OpenSSH\;C:\Program Files (x86)\Intel\Intel(R) Management Engine Components\DAL;C:\Program Files\Intel\Intel(R) Management Engine Components\DAL;C:\Program Files (x86)\Intel\Intel(R) Management Engine Components\IPT;C:\Program Files\Intel\Intel(R) Management Engine Components\IPT;C:\Program Files (x86)\NVIDIA Corporation\PhysX\Common;C:\Program Files\dotnet\;C:\Program Files\Microsoft SQL Server\130\Tools\Binn\;C:\Program Files\nodejs\;C:\Program Files\Git\cmd;C:\WINDOWS\system32;C:\WINDOWS;C:\WINDOWS\System32\Wbem;C:\WINDOWS\System32\WindowsPowerShell\v1.0\;C:\WINDOWS\System32\OpenSSH\;C:\Program Files\Microsoft SQL Server\Client SDK\ODBC\170\Tools\Binn\;F:\apache-maven-3.6.3-bin\apache-maven-3.6.3\bin;C:\Users\Rohan Nischal\AppData\Local\Microsoft\WindowsApps;C:\Users\Rohan Nischal\AppData\Roaming\npm;C:\Users\Rohan Nischal\AppData\Local\Programs\Microsoft VS Code\bin;C:\Users\Rohan Nischal\AppData\Local\GitHubDesktop\bin;C:\Users\Rohan Nischal\AppData\Local\Microsoft\WindowsApps;C:\Python27;C:\Users\Rohan Nischal\AppData\Local\atom\bin;F:\apache-maven-3.6.3-bin\apache-maven-3.6.3\bin;;."/>
    <property name="java.vendor" value="JetBrains s.r.o"/>
    <property name="java.vm.info" value="mixed mode, sharing"/>
    <property name="java.vm.version" value="11.0.6+8-b520.43"/>
    <property name="sun.io.unicode.encoding" value="UnicodeLittle"/>
    <property name="java.class.version" value="55.0"/>
  </properties>
  <testcase name="musicalInstrumentCannotBeEmptyOrBlank(String)[1]" classname="allaboutecm.model.MusicalInstrumentUnitTest" time="0.001"/>
  <testcase name="musicalInstrumentCannotBeEmptyOrBlank(String)[2]" classname="allaboutecm.model.MusicalInstrumentUnitTest" time="0.001"/>
  <testcase name="musicalInstrumentCannotBeEmptyOrBlank(String)[3]" classname="allaboutecm.model.MusicalInstrumentUnitTest" time="0.001"/>
  <testcase name="musicalInstrumentCannotBeNull" classname="allaboutecm.model.MusicalInstrumentUnitTest" time="0.001"/>
  <testcase name="musicalInstrumentHashcodesEqualOrNot" classname="allaboutecm.model.MusicalInstrumentUnitTest" time="0.001"/>
  <testcase name="musicalInstrumentObjectsqualOrNot" classname="allaboutecm.model.MusicalInstrumentUnitTest" time="0.001"/>
  <testcase name="musicalInstrumentNameSameOrNot" classname="allaboutecm.model.MusicalInstrumentUnitTest" time="0.001"/>
  <testcase name="musicalInstrumentEqualOrNot" classname="allaboutecm.model.MusicalInstrumentUnitTest" time="0.001"/>
</testsuite>